<?xml version="1.0" encoding="UTF-8"?>
<!-- Generated by org.testng.reporters.JUnitReportReporter -->
<testsuite hostname="ABHISHEK" failures="0" tests="1" name="test_class.put_Tc_1" time="0.992" errors="0" timestamp="2023-04-05T10:33:52 IST" skipped="0">
  <testcase classname="test_class.put_Tc_1" name="orchestrator" time="0.992"/>
  <system-out/>
</testsuite> <!-- test_class.put_Tc_1 -->
